0 silly argv { _: [ 'add' ],
0 silly argv   scope: 'topmenu',
0 silly argv   D: true,
0 silly argv   dev: true,
0 silly argv   globs:
0 silly argv    [ 'rollup-plugin-babel',
0 silly argv      'rollup-plugin-commonjs',
0 silly argv      'rollup-plugin-html',
0 silly argv      'rollup-plugin-replace',
0 silly argv      'rollup-plugin-terser',
0 silly argv      'rollup-plugin-node-resolve',
0 silly argv      '@babel/core',
0 silly argv      '@babel/node',
0 silly argv      '@babel/plugin-external-helpers',
0 silly argv      '@babel/plugin-proposal-class-properties',
0 silly argv      '@babel/plugin-proposal-export-default-from',
0 silly argv      '@babel/plugin-proposal-export-namespace-from',
0 silly argv      '@babel/plugin-proposal-object-rest-spread',
0 silly argv      '@babel/plugin-syntax-dynamic-import',
0 silly argv      '@babel/plugin-transform-async-to-generator',
0 silly argv      '@babel/plugin-transform-object-assign',
0 silly argv      '@babel/plugin-transform-regenerator',
0 silly argv      '@babel/plugin-transform-runtime',
0 silly argv      '@babel/preset-env',
0 silly argv      '@babel/preset-react',
0 silly argv      'babel-jest',
0 silly argv      'babel-loader',
0 silly argv      'babel-register' ],
0 silly argv   lernaVersion: '3.20.2',
0 silly argv   '$0': 'lerna',
0 silly argv   pkg: 'rollup' }
1 notice cli v3.20.2
2 verbose rootPath /Users/eriboc/repos/klatu
3 info versioning independent
4 error JSONError: Unexpected token } in JSON at position 365 while parsing near '...son/klatu.git"  },}' in packages/topmenu/package.json
4 error     at module.exports (/Users/eriboc/repos/klatu/node_modules/parse-json/index.js:26:19)
4 error     at parse (/Users/eriboc/repos/klatu/node_modules/load-json-file/index.js:15:9)
